<?xml version="1.0" encoding="UTF-8"?>
<!-- Generated by org.testng.reporters.JUnitReportReporter -->
<testsuite hostname="Manakkadan" failures="0" tests="1" name="homepkg.OpenPage" time="7.934" errors="0" timestamp="2024-01-29T13:26:49 IST" skipped="0">
  <testcase classname="homepkg.OpenPage" name="opensite" time="7.934"/>
  <system-out/>
</testsuite> <!-- homepkg.OpenPage -->
