<?xml version="1.0" encoding="UTF-8"?>
<!-- Generated by org.testng.reporters.JUnitReportReporter -->
<testsuite hostname="Manakkadan" failures="0" tests="1" name="homepkg.AddToBag" time="14.886" errors="0" timestamp="2024-02-14T11:20:16 IST" skipped="0">
  <testcase classname="homepkg.AddToBag" name="test" time="14.886"/>
  <system-out/>
</testsuite> <!-- homepkg.AddToBag -->
