<?xml version="1.0" encoding="UTF-8"?>
<!-- Generated by org.testng.reporters.JUnitReportReporter -->
<testsuite hostname="Manakkadan" failures="0" tests="1" name="homepkg.Payment" time="10.141" errors="0" timestamp="2024-02-14T11:16:33 IST" skipped="0">
  <testcase classname="homepkg.Payment" name="test" time="10.141"/>
  <system-out/>
</testsuite> <!-- homepkg.Payment -->
