<?xml version="1.0" encoding="UTF-8"?>
<!-- Generated by org.testng.reporters.JUnitReportReporter -->
<testsuite hostname="Manakkadan" failures="0" tests="1" name="homepkg.LoginPage" time="6.098" errors="0" timestamp="2024-01-29T20:50:28 IST" skipped="0">
  <testcase classname="homepkg.LoginPage" name="test1" time="6.098"/>
  <system-out/>
</testsuite> <!-- homepkg.LoginPage -->
